2026-03-21 13:45:30,044 - INFO - 🤖 NEXUS Assembly Manager starting...
2026-03-21 13:45:30,085 - INFO - 🤖 NEXUS Assembly Manager ACTIVE
2026-03-21 13:45:36,935 - INFO - HTTP Request: POST https://api.telegram.org/bot8289614451:AAE7_c973KOKxgo1MB0l-CRlt06oSbz6wEk/getMe "HTTP/1.1 200 OK"
2026-03-21 13:45:37,314 - INFO - HTTP Request: POST https://api.telegram.org/bot8289614451:AAE7_c973KOKxgo1MB0l-CRlt06oSbz6wEk/deleteWebhook "HTTP/1.1 200 OK"
2026-03-21 13:45:37,317 - INFO - Application started
2026-03-21 13:45:41,989 - INFO - HTTP Request: POST https://api.telegram.org/bot8289614451:AAE7_c973KOKxgo1MB0l-CRlt06oSbz6wEk/getUpdates "HTTP/1.1 200 OK"
2026-03-21 13:45:45,139 - INFO - HTTP Request: POST https://api.telegram.org/bot8289614451:AAE7_c973KOKxgo1MB0l-CRlt06oSbz6wEk/sendMessage "HTTP/1.1 200 OK"
2026-03-21 13:45:50,698 - INFO - HTTP Request: POST https://api.telegram.org/bot8289614451:AAE7_c973KOKxgo1MB0l-CRlt06oSbz6wEk/getUpdates "HTTP/1.1 200 OK"
2026-03-21 13:45:54,616 - INFO - HTTP Request: POST https://api.telegram.org/bot8289614451:AAE7_c973KOKxgo1MB0l-CRlt06oSbz6wEk/answerCallbackQuery "HTTP/1.1 200 OK"
2026-03-21 13:45:55,167 - INFO - HTTP Request: POST https://api.telegram.org/bot8289614451:AAE7_c973KOKxgo1MB0l-CRlt06oSbz6wEk/sendMessage "HTTP/1.1 200 OK"
2026-03-21 13:45:59,838 - INFO - HTTP Request: POST https://api.telegram.org/bot8289614451:AAE7_c973KOKxgo1MB0l-CRlt06oSbz6wEk/getUpdates "HTTP/1.1 200 OK"
2026-03-21 13:46:00,716 - INFO - HTTP Request: POST https://api.telegram.org/bot8289614451:AAE7_c973KOKxgo1MB0l-CRlt06oSbz6wEk/answerCallbackQuery "HTTP/1.1 200 OK"
2026-03-21 13:46:01,331 - INFO - HTTP Request: POST https://api.telegram.org/bot8289614451:AAE7_c973KOKxgo1MB0l-CRlt06oSbz6wEk/sendMessage "HTTP/1.1 200 OK"
2026-03-21 13:46:06,985 - INFO - HTTP Request: POST https://api.telegram.org/bot8289614451:AAE7_c973KOKxgo1MB0l-CRlt06oSbz6wEk/getUpdates "HTTP/1.1 200 OK"
2026-03-21 13:46:08,614 - INFO - HTTP Request: POST https://api.telegram.org/bot8289614451:AAE7_c973KOKxgo1MB0l-CRlt06oSbz6wEk/answerCallbackQuery "HTTP/1.1 200 OK"
2026-03-21 13:46:09,145 - INFO - HTTP Request: POST https://api.telegram.org/bot8289614451:AAE7_c973KOKxgo1MB0l-CRlt06oSbz6wEk/sendMessage "HTTP/1.1 200 OK"
2026-03-21 13:46:10,653 - INFO - HTTP Request: POST https://api.telegram.org/bot8289614451:AAE7_c973KOKxgo1MB0l-CRlt06oSbz6wEk/getUpdates "HTTP/1.1 200 OK"
2026-03-21 13:46:11,141 - INFO - HTTP Request: POST https://api.telegram.org/bot8289614451:AAE7_c973KOKxgo1MB0l-CRlt06oSbz6wEk/answerCallbackQuery "HTTP/1.1 200 OK"
2026-03-21 13:46:11,734 - INFO - HTTP Request: POST https://api.telegram.org/bot8289614451:AAE7_c973KOKxgo1MB0l-CRlt06oSbz6wEk/sendMessage "HTTP/1.1 200 OK"
2026-03-21 13:46:17,016 - INFO - HTTP Request: POST https://api.telegram.org/bot8289614451:AAE7_c973KOKxgo1MB0l-CRlt06oSbz6wEk/getUpdates "HTTP/1.1 200 OK"
2026-03-21 13:46:18,664 - INFO - HTTP Request: POST https://api.telegram.org/bot8289614451:AAE7_c973KOKxgo1MB0l-CRlt06oSbz6wEk/answerCallbackQuery "HTTP/1.1 200 OK"
2026-03-21 13:46:19,222 - INFO - HTTP Request: POST https://api.telegram.org/bot8289614451:AAE7_c973KOKxgo1MB0l-CRlt06oSbz6wEk/sendMessage "HTTP/1.1 200 OK"
2026-03-21 13:46:20,527 - INFO - HTTP Request: POST https://api.telegram.org/bot8289614451:AAE7_c973KOKxgo1MB0l-CRlt06oSbz6wEk/getUpdates "HTTP/1.1 200 OK"
2026-03-21 13:46:21,035 - INFO - HTTP Request: POST https://api.telegram.org/bot8289614451:AAE7_c973KOKxgo1MB0l-CRlt06oSbz6wEk/answerCallbackQuery "HTTP/1.1 200 OK"
2026-03-21 13:46:21,587 - INFO - HTTP Request: POST https://api.telegram.org/bot8289614451:AAE7_c973KOKxgo1MB0l-CRlt06oSbz6wEk/sendMessage "HTTP/1.1 200 OK"
2026-03-21 13:46:29,027 - INFO - HTTP Request: POST https://api.telegram.org/bot8289614451:AAE7_c973KOKxgo1MB0l-CRlt06oSbz6wEk/getUpdates "HTTP/1.1 200 OK"
2026-03-21 13:46:31,912 - INFO - HTTP Request: POST https://api.telegram.org/bot8289614451:AAE7_c973KOKxgo1MB0l-CRlt06oSbz6wEk/answerCallbackQuery "HTTP/1.1 200 OK"
2026-03-21 13:46:32,493 - INFO - HTTP Request: POST https://api.telegram.org/bot8289614451:AAE7_c973KOKxgo1MB0l-CRlt06oSbz6wEk/sendMessage "HTTP/1.1 200 OK"
2026-03-21 13:46:33,966 - INFO - HTTP Request: POST https://api.telegram.org/bot8289614451:AAE7_c973KOKxgo1MB0l-CRlt06oSbz6wEk/getUpdates "HTTP/1.1 200 OK"
2026-03-21 13:46:34,559 - INFO - HTTP Request: POST https://api.telegram.org/bot8289614451:AAE7_c973KOKxgo1MB0l-CRlt06oSbz6wEk/answerCallbackQuery "HTTP/1.1 200 OK"
2026-03-21 13:46:35,119 - INFO - HTTP Request: POST https://api.telegram.org/bot8289614451:AAE7_c973KOKxgo1MB0l-CRlt06oSbz6wEk/sendMessage "HTTP/1.1 200 OK"
2026-03-21 13:46:39,370 - INFO - HTTP Request: POST https://api.telegram.org/bot8289614451:AAE7_c973KOKxgo1MB0l-CRlt06oSbz6wEk/getUpdates "HTTP/1.1 200 OK"
2026-03-21 13:46:39,875 - INFO - HTTP Request: POST https://api.telegram.org/bot8289614451:AAE7_c973KOKxgo1MB0l-CRlt06oSbz6wEk/answerCallbackQuery "HTTP/1.1 200 OK"
2026-03-21 13:46:40,405 - INFO - HTTP Request: POST https://api.telegram.org/bot8289614451:AAE7_c973KOKxgo1MB0l-CRlt06oSbz6wEk/sendMessage "HTTP/1.1 200 OK"
2026-03-21 13:46:41,664 - INFO - HTTP Request: POST https://api.telegram.org/bot8289614451:AAE7_c973KOKxgo1MB0l-CRlt06oSbz6wEk/getUpdates "HTTP/1.1 200 OK"
2026-03-21 13:46:42,165 - INFO - HTTP Request: POST https://api.telegram.org/bot8289614451:AAE7_c973KOKxgo1MB0l-CRlt06oSbz6wEk/answerCallbackQuery "HTTP/1.1 200 OK"
2026-03-21 13:46:45,848 - INFO - HTTP Request: POST https://api.telegram.org/bot8289614451:AAE7_c973KOKxgo1MB0l-CRlt06oSbz6wEk/sendMessage "HTTP/1.1 200 OK"
2026-03-21 13:46:48,168 - INFO - HTTP Request: POST https://api.telegram.org/bot8289614451:AAE7_c973KOKxgo1MB0l-CRlt06oSbz6wEk/getUpdates "HTTP/1.1 200 OK"
2026-03-21 13:46:48,791 - INFO - HTTP Request: POST https://api.telegram.org/bot8289614451:AAE7_c973KOKxgo1MB0l-CRlt06oSbz6wEk/answerCallbackQuery "HTTP/1.1 200 OK"
2026-03-21 13:46:49,610 - INFO - HTTP Request: POST https://api.telegram.org/bot8289614451:AAE7_c973KOKxgo1MB0l-CRlt06oSbz6wEk/sendMessage "HTTP/1.1 200 OK"
2026-03-21 13:46:52,062 - INFO - HTTP Request: POST https://api.telegram.org/bot8289614451:AAE7_c973KOKxgo1MB0l-CRlt06oSbz6wEk/getUpdates "HTTP/1.1 200 OK"
2026-03-21 13:46:52,570 - INFO - HTTP Request: POST https://api.telegram.org/bot8289614451:AAE7_c973KOKxgo1MB0l-CRlt06oSbz6wEk/answerCallbackQuery "HTTP/1.1 200 OK"
2026-03-21 13:46:53,303 - INFO - HTTP Request: POST https://api.telegram.org/bot8289614451:AAE7_c973KOKxgo1MB0l-CRlt06oSbz6wEk/sendMessage "HTTP/1.1 400 Bad Request"
2026-03-21 13:46:53,303 - ERROR - No error handlers are registered, logging exception.
Traceback (most recent call last):
  File "/Users/openclawforxuaninmacmini/Library/Python/3.9/lib/python/site-packages/telegram/ext/_application.py", line 1315, in process_update
    await coroutine
  File "/Users/openclawforxuaninmacmini/Library/Python/3.9/lib/python/site-packages/telegram/ext/_handlers/basehandler.py", line 159, in handle_update
    return await self.callback(update, context)
  File "/Users/openclawforxuaninmacmini/.openclaw/workspace/projects/eve-frontier-hackathon/bot/jarvis_bot.py", line 1253, in button_handler
    await q.message.reply_text(text, parse_mode="Markdown", reply_markup=kb)
  File "/Users/openclawforxuaninmacmini/Library/Python/3.9/lib/python/site-packages/telegram/_message.py", line 2060, in reply_text
    return await self.get_bot().send_message(
  File "/Users/openclawforxuaninmacmini/Library/Python/3.9/lib/python/site-packages/telegram/ext/_extbot.py", line 3107, in send_message
    return await super().send_message(
  File "/Users/openclawforxuaninmacmini/Library/Python/3.9/lib/python/site-packages/telegram/_bot.py", line 1118, in send_message
    return await self._send_message(
  File "/Users/openclawforxuaninmacmini/Library/Python/3.9/lib/python/site-packages/telegram/ext/_extbot.py", line 634, in _send_message
    result = await super()._send_message(
  File "/Users/openclawforxuaninmacmini/Library/Python/3.9/lib/python/site-packages/telegram/_bot.py", line 819, in _send_message
    result = await self._post(
  File "/Users/openclawforxuaninmacmini/Library/Python/3.9/lib/python/site-packages/telegram/_bot.py", line 703, in _post
    return await self._do_post(
  File "/Users/openclawforxuaninmacmini/Library/Python/3.9/lib/python/site-packages/telegram/ext/_extbot.py", line 372, in _do_post
    return await super()._do_post(
  File "/Users/openclawforxuaninmacmini/Library/Python/3.9/lib/python/site-packages/telegram/_bot.py", line 732, in _do_post
    result = await request.post(
  File "/Users/openclawforxuaninmacmini/Library/Python/3.9/lib/python/site-packages/telegram/request/_baserequest.py", line 198, in post
    result = await self._request_wrapper(
  File "/Users/openclawforxuaninmacmini/Library/Python/3.9/lib/python/site-packages/telegram/request/_baserequest.py", line 375, in _request_wrapper
    raise exception
telegram.error.BadRequest: Can't parse entities: can't find end of the entity starting at byte offset 357
2026-03-21 13:47:02,395 - INFO - HTTP Request: POST https://api.telegram.org/bot8289614451:AAE7_c973KOKxgo1MB0l-CRlt06oSbz6wEk/getUpdates "HTTP/1.1 200 OK"
2026-03-21 13:47:07,879 - INFO - HTTP Request: POST https://api.telegram.org/bot8289614451:AAE7_c973KOKxgo1MB0l-CRlt06oSbz6wEk/getUpdates "HTTP/1.1 200 OK"
2026-03-21 13:47:09,548 - INFO - HTTP Request: POST https://api.telegram.org/bot8289614451:AAE7_c973KOKxgo1MB0l-CRlt06oSbz6wEk/answerCallbackQuery "HTTP/1.1 200 OK"
2026-03-21 13:47:10,195 - INFO - HTTP Request: POST https://api.telegram.org/bot8289614451:AAE7_c973KOKxgo1MB0l-CRlt06oSbz6wEk/sendMessage "HTTP/1.1 200 OK"
2026-03-21 13:47:18,328 - INFO - HTTP Request: POST https://api.telegram.org/bot8289614451:AAE7_c973KOKxgo1MB0l-CRlt06oSbz6wEk/getUpdates "HTTP/1.1 200 OK"
2026-03-21 13:47:20,107 - INFO - HTTP Request: POST https://api.telegram.org/bot8289614451:AAE7_c973KOKxgo1MB0l-CRlt06oSbz6wEk/answerCallbackQuery "HTTP/1.1 200 OK"
2026-03-21 13:47:20,622 - INFO - HTTP Request: POST https://api.telegram.org/bot8289614451:AAE7_c973KOKxgo1MB0l-CRlt06oSbz6wEk/sendMessage "HTTP/1.1 200 OK"
2026-03-21 13:47:22,789 - INFO - HTTP Request: POST https://api.telegram.org/bot8289614451:AAE7_c973KOKxgo1MB0l-CRlt06oSbz6wEk/getUpdates "HTTP/1.1 200 OK"
2026-03-21 13:47:23,302 - INFO - HTTP Request: POST https://api.telegram.org/bot8289614451:AAE7_c973KOKxgo1MB0l-CRlt06oSbz6wEk/answerCallbackQuery "HTTP/1.1 200 OK"
2026-03-21 13:47:24,379 - INFO - HTTP Request: POST https://api.telegram.org/bot8289614451:AAE7_c973KOKxgo1MB0l-CRlt06oSbz6wEk/sendMessage "HTTP/1.1 200 OK"
2026-03-21 13:47:26,806 - INFO - HTTP Request: POST https://api.telegram.org/bot8289614451:AAE7_c973KOKxgo1MB0l-CRlt06oSbz6wEk/getUpdates "HTTP/1.1 200 OK"
2026-03-21 13:47:27,304 - INFO - HTTP Request: POST https://api.telegram.org/bot8289614451:AAE7_c973KOKxgo1MB0l-CRlt06oSbz6wEk/answerCallbackQuery "HTTP/1.1 200 OK"
2026-03-21 13:47:27,854 - INFO - HTTP Request: POST https://api.telegram.org/bot8289614451:AAE7_c973KOKxgo1MB0l-CRlt06oSbz6wEk/sendMessage "HTTP/1.1 200 OK"
2026-03-21 13:47:30,292 - INFO - HTTP Request: POST https://api.telegram.org/bot8289614451:AAE7_c973KOKxgo1MB0l-CRlt06oSbz6wEk/getUpdates "HTTP/1.1 200 OK"
2026-03-21 13:47:30,786 - INFO - HTTP Request: POST https://api.telegram.org/bot8289614451:AAE7_c973KOKxgo1MB0l-CRlt06oSbz6wEk/answerCallbackQuery "HTTP/1.1 200 OK"
2026-03-21 13:47:31,297 - INFO - HTTP Request: POST https://api.telegram.org/bot8289614451:AAE7_c973KOKxgo1MB0l-CRlt06oSbz6wEk/sendMessage "HTTP/1.1 200 OK"
2026-03-21 13:47:33,542 - INFO - HTTP Request: POST https://api.telegram.org/bot8289614451:AAE7_c973KOKxgo1MB0l-CRlt06oSbz6wEk/getUpdates "HTTP/1.1 200 OK"
2026-03-21 13:47:34,068 - INFO - HTTP Request: POST https://api.telegram.org/bot8289614451:AAE7_c973KOKxgo1MB0l-CRlt06oSbz6wEk/answerCallbackQuery "HTTP/1.1 200 OK"
2026-03-21 13:47:35,193 - INFO - HTTP Request: POST https://api.telegram.org/bot8289614451:AAE7_c973KOKxgo1MB0l-CRlt06oSbz6wEk/sendMessage "HTTP/1.1 200 OK"
2026-03-21 13:47:44,013 - INFO - HTTP Request: POST https://api.telegram.org/bot8289614451:AAE7_c973KOKxgo1MB0l-CRlt06oSbz6wEk/getUpdates "HTTP/1.1 200 OK"
2026-03-21 13:47:54,331 - INFO - HTTP Request: POST https://api.telegram.org/bot8289614451:AAE7_c973KOKxgo1MB0l-CRlt06oSbz6wEk/getUpdates "HTTP/1.1 200 OK"
2026-03-21 13:48:04,662 - INFO - HTTP Request: POST https://api.telegram.org/bot8289614451:AAE7_c973KOKxgo1MB0l-CRlt06oSbz6wEk/getUpdates "HTTP/1.1 200 OK"
2026-03-21 13:48:15,140 - INFO - HTTP Request: POST https://api.telegram.org/bot8289614451:AAE7_c973KOKxgo1MB0l-CRlt06oSbz6wEk/getUpdates "HTTP/1.1 200 OK"
2026-03-21 13:48:25,462 - INFO - HTTP Request: POST https://api.telegram.org/bot8289614451:AAE7_c973KOKxgo1MB0l-CRlt06oSbz6wEk/getUpdates "HTTP/1.1 200 OK"
2026-03-21 13:48:36,085 - INFO - HTTP Request: POST https://api.telegram.org/bot8289614451:AAE7_c973KOKxgo1MB0l-CRlt06oSbz6wEk/getUpdates "HTTP/1.1 200 OK"
2026-03-21 13:48:46,411 - INFO - HTTP Request: POST https://api.telegram.org/bot8289614451:AAE7_c973KOKxgo1MB0l-CRlt06oSbz6wEk/getUpdates "HTTP/1.1 200 OK"
2026-03-21 13:48:56,731 - INFO - HTTP Request: POST https://api.telegram.org/bot8289614451:AAE7_c973KOKxgo1MB0l-CRlt06oSbz6wEk/getUpdates "HTTP/1.1 200 OK"
2026-03-21 13:49:07,693 - INFO - HTTP Request: POST https://api.telegram.org/bot8289614451:AAE7_c973KOKxgo1MB0l-CRlt06oSbz6wEk/getUpdates "HTTP/1.1 200 OK"
2026-03-21 13:49:18,045 - INFO - HTTP Request: POST https://api.telegram.org/bot8289614451:AAE7_c973KOKxgo1MB0l-CRlt06oSbz6wEk/getUpdates "HTTP/1.1 200 OK"
2026-03-21 13:49:28,374 - INFO - HTTP Request: POST https://api.telegram.org/bot8289614451:AAE7_c973KOKxgo1MB0l-CRlt06oSbz6wEk/getUpdates "HTTP/1.1 200 OK"
2026-03-21 13:49:38,782 - INFO - HTTP Request: POST https://api.telegram.org/bot8289614451:AAE7_c973KOKxgo1MB0l-CRlt06oSbz6wEk/getUpdates "HTTP/1.1 200 OK"
2026-03-21 13:49:49,098 - INFO - HTTP Request: POST https://api.telegram.org/bot8289614451:AAE7_c973KOKxgo1MB0l-CRlt06oSbz6wEk/getUpdates "HTTP/1.1 200 OK"
2026-03-21 13:49:59,421 - INFO - HTTP Request: POST https://api.telegram.org/bot8289614451:AAE7_c973KOKxgo1MB0l-CRlt06oSbz6wEk/getUpdates "HTTP/1.1 200 OK"
2026-03-21 13:50:09,791 - INFO - HTTP Request: POST https://api.telegram.org/bot8289614451:AAE7_c973KOKxgo1MB0l-CRlt06oSbz6wEk/getUpdates "HTTP/1.1 200 OK"
2026-03-21 13:50:20,115 - INFO - HTTP Request: POST https://api.telegram.org/bot8289614451:AAE7_c973KOKxgo1MB0l-CRlt06oSbz6wEk/getUpdates "HTTP/1.1 200 OK"
2026-03-21 13:50:30,437 - INFO - HTTP Request: POST https://api.telegram.org/bot8289614451:AAE7_c973KOKxgo1MB0l-CRlt06oSbz6wEk/getUpdates "HTTP/1.1 200 OK"
2026-03-21 13:50:40,981 - INFO - HTTP Request: POST https://api.telegram.org/bot8289614451:AAE7_c973KOKxgo1MB0l-CRlt06oSbz6wEk/getUpdates "HTTP/1.1 200 OK"
2026-03-21 13:50:51,537 - INFO - HTTP Request: POST https://api.telegram.org/bot8289614451:AAE7_c973KOKxgo1MB0l-CRlt06oSbz6wEk/getUpdates "HTTP/1.1 200 OK"
2026-03-21 13:51:02,410 - INFO - HTTP Request: POST https://api.telegram.org/bot8289614451:AAE7_c973KOKxgo1MB0l-CRlt06oSbz6wEk/getUpdates "HTTP/1.1 200 OK"
2026-03-21 13:51:12,888 - INFO - HTTP Request: POST https://api.telegram.org/bot8289614451:AAE7_c973KOKxgo1MB0l-CRlt06oSbz6wEk/getUpdates "HTTP/1.1 200 OK"
2026-03-21 13:51:23,694 - INFO - HTTP Request: POST https://api.telegram.org/bot8289614451:AAE7_c973KOKxgo1MB0l-CRlt06oSbz6wEk/getUpdates "HTTP/1.1 200 OK"
2026-03-21 13:51:35,083 - INFO - 🤖 NEXUS Assembly Manager starting...
2026-03-21 13:51:35,123 - INFO - 🤖 NEXUS Assembly Manager ACTIVE
2026-03-21 13:51:37,233 - INFO - HTTP Request: POST https://api.telegram.org/bot8289614451:AAE7_c973KOKxgo1MB0l-CRlt06oSbz6wEk/getUpdates "HTTP/1.1 200 OK"
2026-03-21 13:51:37,234 - INFO - Application is stopping. This might take a moment.
2026-03-21 13:51:37,234 - INFO - Application.stop() complete
2026-03-21 13:51:38,640 - INFO - HTTP Request: POST https://api.telegram.org/bot8289614451:AAE7_c973KOKxgo1MB0l-CRlt06oSbz6wEk/getMe "HTTP/1.1 200 OK"
2026-03-21 13:51:39,305 - INFO - HTTP Request: POST https://api.telegram.org/bot8289614451:AAE7_c973KOKxgo1MB0l-CRlt06oSbz6wEk/setMyCommands "HTTP/1.1 200 OK"
2026-03-21 13:51:39,307 - INFO - ✅ Bot commands menu set
2026-03-21 13:51:40,287 - INFO - HTTP Request: POST https://api.telegram.org/bot8289614451:AAE7_c973KOKxgo1MB0l-CRlt06oSbz6wEk/deleteWebhook "HTTP/1.1 200 OK"
2026-03-21 13:51:40,295 - INFO - Application started
2026-03-21 13:51:54,135 - INFO - HTTP Request: POST https://api.telegram.org/bot8289614451:AAE7_c973KOKxgo1MB0l-CRlt06oSbz6wEk/getUpdates "HTTP/1.1 200 OK"
2026-03-21 13:52:04,676 - INFO - HTTP Request: POST https://api.telegram.org/bot8289614451:AAE7_c973KOKxgo1MB0l-CRlt06oSbz6wEk/getUpdates "HTTP/1.1 200 OK"
2026-03-21 13:52:15,095 - INFO - HTTP Request: POST https://api.telegram.org/bot8289614451:AAE7_c973KOKxgo1MB0l-CRlt06oSbz6wEk/getUpdates "HTTP/1.1 200 OK"
2026-03-21 13:52:25,429 - INFO - HTTP Request: POST https://api.telegram.org/bot8289614451:AAE7_c973KOKxgo1MB0l-CRlt06oSbz6wEk/getUpdates "HTTP/1.1 200 OK"
2026-03-21 13:52:35,842 - INFO - HTTP Request: POST https://api.telegram.org/bot8289614451:AAE7_c973KOKxgo1MB0l-CRlt06oSbz6wEk/getUpdates "HTTP/1.1 200 OK"
2026-03-21 13:52:41,009 - INFO - HTTP Request: POST https://api.telegram.org/bot8289614451:AAE7_c973KOKxgo1MB0l-CRlt06oSbz6wEk/getUpdates "HTTP/1.1 200 OK"
2026-03-21 13:52:45,413 - INFO - HTTP Request: POST https://api.telegram.org/bot8289614451:AAE7_c973KOKxgo1MB0l-CRlt06oSbz6wEk/sendMessage "HTTP/1.1 200 OK"
2026-03-21 13:52:52,430 - INFO - HTTP Request: POST https://api.telegram.org/bot8289614451:AAE7_c973KOKxgo1MB0l-CRlt06oSbz6wEk/getUpdates "HTTP/1.1 200 OK"
2026-03-21 13:53:02,878 - INFO - HTTP Request: POST https://api.telegram.org/bot8289614451:AAE7_c973KOKxgo1MB0l-CRlt06oSbz6wEk/getUpdates "HTTP/1.1 200 OK"
2026-03-21 13:53:10,244 - INFO - HTTP Request: POST https://api.telegram.org/bot8289614451:AAE7_c973KOKxgo1MB0l-CRlt06oSbz6wEk/getUpdates "HTTP/1.1 200 OK"
2026-03-21 13:53:13,086 - INFO - HTTP Request: POST https://api.telegram.org/bot8289614451:AAE7_c973KOKxgo1MB0l-CRlt06oSbz6wEk/answerCallbackQuery "HTTP/1.1 200 OK"
2026-03-21 13:53:13,595 - INFO - HTTP Request: POST https://api.telegram.org/bot8289614451:AAE7_c973KOKxgo1MB0l-CRlt06oSbz6wEk/sendMessage "HTTP/1.1 200 OK"
2026-03-21 13:53:17,333 - INFO - HTTP Request: POST https://api.telegram.org/bot8289614451:AAE7_c973KOKxgo1MB0l-CRlt06oSbz6wEk/getUpdates "HTTP/1.1 200 OK"
2026-03-21 13:53:18,096 - INFO - HTTP Request: POST https://api.telegram.org/bot8289614451:AAE7_c973KOKxgo1MB0l-CRlt06oSbz6wEk/sendMessage "HTTP/1.1 200 OK"
2026-03-21 13:53:19,177 - INFO - HTTP Request: POST https://api.telegram.org/bot8289614451:AAE7_c973KOKxgo1MB0l-CRlt06oSbz6wEk/getUpdates "HTTP/1.1 200 OK"
2026-03-21 13:53:19,775 - INFO - HTTP Request: POST https://api.telegram.org/bot8289614451:AAE7_c973KOKxgo1MB0l-CRlt06oSbz6wEk/sendMessage "HTTP/1.1 200 OK"
2026-03-21 13:53:22,056 - INFO - HTTP Request: POST https://api.telegram.org/bot8289614451:AAE7_c973KOKxgo1MB0l-CRlt06oSbz6wEk/getUpdates "HTTP/1.1 200 OK"
2026-03-21 13:53:22,598 - INFO - HTTP Request: POST https://api.telegram.org/bot8289614451:AAE7_c973KOKxgo1MB0l-CRlt06oSbz6wEk/sendMessage "HTTP/1.1 200 OK"
2026-03-21 13:53:24,050 - INFO - HTTP Request: POST https://api.telegram.org/bot8289614451:AAE7_c973KOKxgo1MB0l-CRlt06oSbz6wEk/getUpdates "HTTP/1.1 200 OK"
2026-03-21 13:53:24,563 - INFO - HTTP Request: POST https://api.telegram.org/bot8289614451:AAE7_c973KOKxgo1MB0l-CRlt06oSbz6wEk/sendMessage "HTTP/1.1 200 OK"
2026-03-21 13:53:34,387 - INFO - HTTP Request: POST https://api.telegram.org/bot8289614451:AAE7_c973KOKxgo1MB0l-CRlt06oSbz6wEk/getUpdates "HTTP/1.1 200 OK"
2026-03-21 13:53:44,728 - INFO - HTTP Request: POST https://api.telegram.org/bot8289614451:AAE7_c973KOKxgo1MB0l-CRlt06oSbz6wEk/getUpdates "HTTP/1.1 200 OK"
2026-03-21 13:53:55,105 - INFO - HTTP Request: POST https://api.telegram.org/bot8289614451:AAE7_c973KOKxgo1MB0l-CRlt06oSbz6wEk/getUpdates "HTTP/1.1 200 OK"
2026-03-21 13:54:05,833 - INFO - HTTP Request: POST https://api.telegram.org/bot8289614451:AAE7_c973KOKxgo1MB0l-CRlt06oSbz6wEk/getUpdates "HTTP/1.1 200 OK"
2026-03-21 13:54:16,164 - INFO - HTTP Request: POST https://api.telegram.org/bot8289614451:AAE7_c973KOKxgo1MB0l-CRlt06oSbz6wEk/getUpdates "HTTP/1.1 200 OK"
2026-03-21 13:54:26,611 - INFO - HTTP Request: POST https://api.telegram.org/bot8289614451:AAE7_c973KOKxgo1MB0l-CRlt06oSbz6wEk/getUpdates "HTTP/1.1 200 OK"
2026-03-21 13:54:36,946 - INFO - HTTP Request: POST https://api.telegram.org/bot8289614451:AAE7_c973KOKxgo1MB0l-CRlt06oSbz6wEk/getUpdates "HTTP/1.1 200 OK"
2026-03-21 13:54:47,523 - INFO - HTTP Request: POST https://api.telegram.org/bot8289614451:AAE7_c973KOKxgo1MB0l-CRlt06oSbz6wEk/getUpdates "HTTP/1.1 200 OK"
2026-03-21 13:54:57,854 - INFO - HTTP Request: POST https://api.telegram.org/bot8289614451:AAE7_c973KOKxgo1MB0l-CRlt06oSbz6wEk/getUpdates "HTTP/1.1 200 OK"
2026-03-21 13:55:08,222 - INFO - HTTP Request: POST https://api.telegram.org/bot8289614451:AAE7_c973KOKxgo1MB0l-CRlt06oSbz6wEk/getUpdates "HTTP/1.1 200 OK"
2026-03-21 13:55:18,923 - INFO - HTTP Request: POST https://api.telegram.org/bot8289614451:AAE7_c973KOKxgo1MB0l-CRlt06oSbz6wEk/getUpdates "HTTP/1.1 200 OK"
2026-03-21 13:55:29,261 - INFO - HTTP Request: POST https://api.telegram.org/bot8289614451:AAE7_c973KOKxgo1MB0l-CRlt06oSbz6wEk/getUpdates "HTTP/1.1 200 OK"
2026-03-21 13:55:39,597 - INFO - HTTP Request: POST https://api.telegram.org/bot8289614451:AAE7_c973KOKxgo1MB0l-CRlt06oSbz6wEk/getUpdates "HTTP/1.1 200 OK"
2026-03-21 13:55:49,929 - INFO - HTTP Request: POST https://api.telegram.org/bot8289614451:AAE7_c973KOKxgo1MB0l-CRlt06oSbz6wEk/getUpdates "HTTP/1.1 200 OK"
2026-03-21 13:56:00,812 - INFO - HTTP Request: POST https://api.telegram.org/bot8289614451:AAE7_c973KOKxgo1MB0l-CRlt06oSbz6wEk/getUpdates "HTTP/1.1 200 OK"
2026-03-21 13:56:12,722 - INFO - HTTP Request: POST https://api.telegram.org/bot8289614451:AAE7_c973KOKxgo1MB0l-CRlt06oSbz6wEk/getUpdates "HTTP/1.1 200 OK"
2026-03-21 13:56:31,797 - INFO - HTTP Request: POST https://api.telegram.org/bot8289614451:AAE7_c973KOKxgo1MB0l-CRlt06oSbz6wEk/getUpdates "HTTP/1.1 200 OK"
2026-03-21 13:56:55,148 - INFO - HTTP Request: POST https://api.telegram.org/bot8289614451:AAE7_c973KOKxgo1MB0l-CRlt06oSbz6wEk/getUpdates "HTTP/1.1 200 OK"
2026-03-21 13:57:05,901 - INFO - HTTP Request: POST https://api.telegram.org/bot8289614451:AAE7_c973KOKxgo1MB0l-CRlt06oSbz6wEk/getUpdates "HTTP/1.1 200 OK"
2026-03-21 13:57:16,308 - INFO - HTTP Request: POST https://api.telegram.org/bot8289614451:AAE7_c973KOKxgo1MB0l-CRlt06oSbz6wEk/getUpdates "HTTP/1.1 200 OK"
2026-03-21 13:57:26,739 - INFO - HTTP Request: POST https://api.telegram.org/bot8289614451:AAE7_c973KOKxgo1MB0l-CRlt06oSbz6wEk/getUpdates "HTTP/1.1 200 OK"
2026-03-21 13:57:38,349 - INFO - HTTP Request: POST https://api.telegram.org/bot8289614451:AAE7_c973KOKxgo1MB0l-CRlt06oSbz6wEk/getUpdates "HTTP/1.1 200 OK"
2026-03-21 13:57:48,753 - INFO - HTTP Request: POST https://api.telegram.org/bot8289614451:AAE7_c973KOKxgo1MB0l-CRlt06oSbz6wEk/getUpdates "HTTP/1.1 200 OK"
2026-03-21 13:57:59,285 - INFO - 🤖 NEXUS Assembly Manager starting...
2026-03-21 13:57:59,326 - INFO - 🤖 NEXUS Assembly Manager ACTIVE
2026-03-21 13:57:59,555 - INFO - HTTP Request: POST https://api.telegram.org/bot8289614451:AAE7_c973KOKxgo1MB0l-CRlt06oSbz6wEk/getUpdates "HTTP/1.1 200 OK"
2026-03-21 13:57:59,556 - INFO - Application is stopping. This might take a moment.
2026-03-21 13:57:59,557 - INFO - Application.stop() complete
2026-03-21 13:58:01,005 - INFO - HTTP Request: POST https://api.telegram.org/bot8289614451:AAE7_c973KOKxgo1MB0l-CRlt06oSbz6wEk/getMe "HTTP/1.1 200 OK"
2026-03-21 13:58:01,517 - INFO - HTTP Request: POST https://api.telegram.org/bot8289614451:AAE7_c973KOKxgo1MB0l-CRlt06oSbz6wEk/setMyCommands "HTTP/1.1 200 OK"
2026-03-21 13:58:01,518 - INFO - ✅ Bot commands menu set
2026-03-21 13:58:02,617 - INFO - HTTP Request: POST https://api.telegram.org/bot8289614451:AAE7_c973KOKxgo1MB0l-CRlt06oSbz6wEk/deleteWebhook "HTTP/1.1 200 OK"
2026-03-21 13:58:02,620 - INFO - Application started
2026-03-21 13:58:15,111 - INFO - HTTP Request: POST https://api.telegram.org/bot8289614451:AAE7_c973KOKxgo1MB0l-CRlt06oSbz6wEk/getUpdates "HTTP/1.1 200 OK"
2026-03-21 13:58:25,737 - INFO - HTTP Request: POST https://api.telegram.org/bot8289614451:AAE7_c973KOKxgo1MB0l-CRlt06oSbz6wEk/getUpdates "HTTP/1.1 200 OK"
2026-03-21 13:58:36,054 - INFO - HTTP Request: POST https://api.telegram.org/bot8289614451:AAE7_c973KOKxgo1MB0l-CRlt06oSbz6wEk/getUpdates "HTTP/1.1 200 OK"
2026-03-21 13:58:46,766 - INFO - HTTP Request: POST https://api.telegram.org/bot8289614451:AAE7_c973KOKxgo1MB0l-CRlt06oSbz6wEk/getUpdates "HTTP/1.1 200 OK"
2026-03-21 13:58:57,092 - INFO - HTTP Request: POST https://api.telegram.org/bot8289614451:AAE7_c973KOKxgo1MB0l-CRlt06oSbz6wEk/getUpdates "HTTP/1.1 200 OK"
2026-03-21 13:59:07,414 - INFO - HTTP Request: POST https://api.telegram.org/bot8289614451:AAE7_c973KOKxgo1MB0l-CRlt06oSbz6wEk/getUpdates "HTTP/1.1 200 OK"
2026-03-21 13:59:17,736 - INFO - HTTP Request: POST https://api.telegram.org/bot8289614451:AAE7_c973KOKxgo1MB0l-CRlt06oSbz6wEk/getUpdates "HTTP/1.1 200 OK"
2026-03-21 13:59:28,060 - INFO - HTTP Request: POST https://api.telegram.org/bot8289614451:AAE7_c973KOKxgo1MB0l-CRlt06oSbz6wEk/getUpdates "HTTP/1.1 200 OK"
2026-03-21 13:59:38,376 - INFO - HTTP Request: POST https://api.telegram.org/bot8289614451:AAE7_c973KOKxgo1MB0l-CRlt06oSbz6wEk/getUpdates "HTTP/1.1 200 OK"
2026-03-21 13:59:48,709 - INFO - HTTP Request: POST https://api.telegram.org/bot8289614451:AAE7_c973KOKxgo1MB0l-CRlt06oSbz6wEk/getUpdates "HTTP/1.1 200 OK"
2026-03-21 13:59:59,445 - INFO - HTTP Request: POST https://api.telegram.org/bot8289614451:AAE7_c973KOKxgo1MB0l-CRlt06oSbz6wEk/getUpdates "HTTP/1.1 200 OK"
2026-03-21 14:00:09,767 - INFO - HTTP Request: POST https://api.telegram.org/bot8289614451:AAE7_c973KOKxgo1MB0l-CRlt06oSbz6wEk/getUpdates "HTTP/1.1 200 OK"
2026-03-21 14:00:20,450 - INFO - HTTP Request: POST https://api.telegram.org/bot8289614451:AAE7_c973KOKxgo1MB0l-CRlt06oSbz6wEk/getUpdates "HTTP/1.1 200 OK"
2026-03-21 14:00:30,780 - INFO - HTTP Request: POST https://api.telegram.org/bot8289614451:AAE7_c973KOKxgo1MB0l-CRlt06oSbz6wEk/getUpdates "HTTP/1.1 200 OK"
2026-03-21 14:00:41,145 - INFO - HTTP Request: POST https://api.telegram.org/bot8289614451:AAE7_c973KOKxgo1MB0l-CRlt06oSbz6wEk/getUpdates "HTTP/1.1 200 OK"
2026-03-21 14:00:51,465 - INFO - HTTP Request: POST https://api.telegram.org/bot8289614451:AAE7_c973KOKxgo1MB0l-CRlt06oSbz6wEk/getUpdates "HTTP/1.1 200 OK"
2026-03-21 14:01:01,783 - INFO - HTTP Request: POST https://api.telegram.org/bot8289614451:AAE7_c973KOKxgo1MB0l-CRlt06oSbz6wEk/getUpdates "HTTP/1.1 200 OK"
2026-03-21 14:01:12,099 - INFO - HTTP Request: POST https://api.telegram.org/bot8289614451:AAE7_c973KOKxgo1MB0l-CRlt06oSbz6wEk/getUpdates "HTTP/1.1 200 OK"
2026-03-21 14:01:22,501 - INFO - HTTP Request: POST https://api.telegram.org/bot8289614451:AAE7_c973KOKxgo1MB0l-CRlt06oSbz6wEk/getUpdates "HTTP/1.1 200 OK"
2026-03-21 14:01:33,269 - INFO - HTTP Request: POST https://api.telegram.org/bot8289614451:AAE7_c973KOKxgo1MB0l-CRlt06oSbz6wEk/getUpdates "HTTP/1.1 200 OK"
2026-03-21 14:01:43,691 - INFO - HTTP Request: POST https://api.telegram.org/bot8289614451:AAE7_c973KOKxgo1MB0l-CRlt06oSbz6wEk/getUpdates "HTTP/1.1 200 OK"
2026-03-21 14:01:54,442 - INFO - HTTP Request: POST https://api.telegram.org/bot8289614451:AAE7_c973KOKxgo1MB0l-CRlt06oSbz6wEk/getUpdates "HTTP/1.1 200 OK"
2026-03-21 14:02:05,193 - INFO - HTTP Request: POST https://api.telegram.org/bot8289614451:AAE7_c973KOKxgo1MB0l-CRlt06oSbz6wEk/getUpdates "HTTP/1.1 200 OK"
2026-03-21 14:02:15,535 - INFO - HTTP Request: POST https://api.telegram.org/bot8289614451:AAE7_c973KOKxgo1MB0l-CRlt06oSbz6wEk/getUpdates "HTTP/1.1 200 OK"
2026-03-21 14:02:26,290 - INFO - HTTP Request: POST https://api.telegram.org/bot8289614451:AAE7_c973KOKxgo1MB0l-CRlt06oSbz6wEk/getUpdates "HTTP/1.1 200 OK"
2026-03-21 14:02:36,734 - INFO - HTTP Request: POST https://api.telegram.org/bot8289614451:AAE7_c973KOKxgo1MB0l-CRlt06oSbz6wEk/getUpdates "HTTP/1.1 200 OK"
2026-03-21 14:02:47,077 - INFO - HTTP Request: POST https://api.telegram.org/bot8289614451:AAE7_c973KOKxgo1MB0l-CRlt06oSbz6wEk/getUpdates "HTTP/1.1 200 OK"
2026-03-21 14:02:57,421 - INFO - HTTP Request: POST https://api.telegram.org/bot8289614451:AAE7_c973KOKxgo1MB0l-CRlt06oSbz6wEk/getUpdates "HTTP/1.1 200 OK"
2026-03-21 14:03:07,737 - INFO - HTTP Request: POST https://api.telegram.org/bot8289614451:AAE7_c973KOKxgo1MB0l-CRlt06oSbz6wEk/getUpdates "HTTP/1.1 200 OK"
2026-03-21 14:03:18,059 - INFO - HTTP Request: POST https://api.telegram.org/bot8289614451:AAE7_c973KOKxgo1MB0l-CRlt06oSbz6wEk/getUpdates "HTTP/1.1 200 OK"
2026-03-21 14:03:28,450 - INFO - HTTP Request: POST https://api.telegram.org/bot8289614451:AAE7_c973KOKxgo1MB0l-CRlt06oSbz6wEk/getUpdates "HTTP/1.1 200 OK"
2026-03-21 14:03:38,796 - INFO - HTTP Request: POST https://api.telegram.org/bot8289614451:AAE7_c973KOKxgo1MB0l-CRlt06oSbz6wEk/getUpdates "HTTP/1.1 200 OK"
2026-03-21 14:03:49,117 - INFO - HTTP Request: POST https://api.telegram.org/bot8289614451:AAE7_c973KOKxgo1MB0l-CRlt06oSbz6wEk/getUpdates "HTTP/1.1 200 OK"
2026-03-21 14:03:59,478 - INFO - HTTP Request: POST https://api.telegram.org/bot8289614451:AAE7_c973KOKxgo1MB0l-CRlt06oSbz6wEk/getUpdates "HTTP/1.1 200 OK"
2026-03-21 14:04:10,159 - INFO - HTTP Request: POST https://api.telegram.org/bot8289614451:AAE7_c973KOKxgo1MB0l-CRlt06oSbz6wEk/getUpdates "HTTP/1.1 200 OK"
2026-03-21 14:04:20,487 - INFO - HTTP Request: POST https://api.telegram.org/bot8289614451:AAE7_c973KOKxgo1MB0l-CRlt06oSbz6wEk/getUpdates "HTTP/1.1 200 OK"
2026-03-21 14:04:31,156 - INFO - HTTP Request: POST https://api.telegram.org/bot8289614451:AAE7_c973KOKxgo1MB0l-CRlt06oSbz6wEk/getUpdates "HTTP/1.1 200 OK"
2026-03-21 14:04:41,609 - INFO - HTTP Request: POST https://api.telegram.org/bot8289614451:AAE7_c973KOKxgo1MB0l-CRlt06oSbz6wEk/getUpdates "HTTP/1.1 200 OK"
2026-03-21 14:04:53,245 - INFO - HTTP Request: POST https://api.telegram.org/bot8289614451:AAE7_c973KOKxgo1MB0l-CRlt06oSbz6wEk/getUpdates "HTTP/1.1 200 OK"
2026-03-21 14:05:03,576 - INFO - HTTP Request: POST https://api.telegram.org/bot8289614451:AAE7_c973KOKxgo1MB0l-CRlt06oSbz6wEk/getUpdates "HTTP/1.1 200 OK"
2026-03-21 14:05:13,896 - INFO - HTTP Request: POST https://api.telegram.org/bot8289614451:AAE7_c973KOKxgo1MB0l-CRlt06oSbz6wEk/getUpdates "HTTP/1.1 200 OK"
2026-03-21 14:05:24,214 - INFO - HTTP Request: POST https://api.telegram.org/bot8289614451:AAE7_c973KOKxgo1MB0l-CRlt06oSbz6wEk/getUpdates "HTTP/1.1 200 OK"
2026-03-21 14:05:34,631 - INFO - HTTP Request: POST https://api.telegram.org/bot8289614451:AAE7_c973KOKxgo1MB0l-CRlt06oSbz6wEk/getUpdates "HTTP/1.1 200 OK"
2026-03-21 14:05:44,948 - INFO - HTTP Request: POST https://api.telegram.org/bot8289614451:AAE7_c973KOKxgo1MB0l-CRlt06oSbz6wEk/getUpdates "HTTP/1.1 200 OK"
2026-03-21 14:05:55,637 - INFO - HTTP Request: POST https://api.telegram.org/bot8289614451:AAE7_c973KOKxgo1MB0l-CRlt06oSbz6wEk/getUpdates "HTTP/1.1 200 OK"
2026-03-21 14:06:05,957 - INFO - HTTP Request: POST https://api.telegram.org/bot8289614451:AAE7_c973KOKxgo1MB0l-CRlt06oSbz6wEk/getUpdates "HTTP/1.1 200 OK"
2026-03-21 14:06:16,277 - INFO - HTTP Request: POST https://api.telegram.org/bot8289614451:AAE7_c973KOKxgo1MB0l-CRlt06oSbz6wEk/getUpdates "HTTP/1.1 200 OK"
2026-03-21 14:06:26,597 - INFO - HTTP Request: POST https://api.telegram.org/bot8289614451:AAE7_c973KOKxgo1MB0l-CRlt06oSbz6wEk/getUpdates "HTTP/1.1 200 OK"
2026-03-21 14:06:37,112 - INFO - HTTP Request: POST https://api.telegram.org/bot8289614451:AAE7_c973KOKxgo1MB0l-CRlt06oSbz6wEk/getUpdates "HTTP/1.1 200 OK"
2026-03-21 14:06:47,430 - INFO - HTTP Request: POST https://api.telegram.org/bot8289614451:AAE7_c973KOKxgo1MB0l-CRlt06oSbz6wEk/getUpdates "HTTP/1.1 200 OK"
2026-03-21 14:06:57,865 - INFO - HTTP Request: POST https://api.telegram.org/bot8289614451:AAE7_c973KOKxgo1MB0l-CRlt06oSbz6wEk/getUpdates "HTTP/1.1 200 OK"
2026-03-21 14:07:08,188 - INFO - HTTP Request: POST https://api.telegram.org/bot8289614451:AAE7_c973KOKxgo1MB0l-CRlt06oSbz6wEk/getUpdates "HTTP/1.1 200 OK"
2026-03-21 14:07:18,524 - INFO - HTTP Request: POST https://api.telegram.org/bot8289614451:AAE7_c973KOKxgo1MB0l-CRlt06oSbz6wEk/getUpdates "HTTP/1.1 200 OK"
2026-03-21 14:07:29,208 - INFO - HTTP Request: POST https://api.telegram.org/bot8289614451:AAE7_c973KOKxgo1MB0l-CRlt06oSbz6wEk/getUpdates "HTTP/1.1 200 OK"
2026-03-21 14:07:39,647 - INFO - HTTP Request: POST https://api.telegram.org/bot8289614451:AAE7_c973KOKxgo1MB0l-CRlt06oSbz6wEk/getUpdates "HTTP/1.1 200 OK"
2026-03-21 14:07:50,399 - INFO - HTTP Request: POST https://api.telegram.org/bot8289614451:AAE7_c973KOKxgo1MB0l-CRlt06oSbz6wEk/getUpdates "HTTP/1.1 200 OK"
2026-03-21 14:08:00,721 - INFO - HTTP Request: POST https://api.telegram.org/bot8289614451:AAE7_c973KOKxgo1MB0l-CRlt06oSbz6wEk/getUpdates "HTTP/1.1 200 OK"
2026-03-21 14:08:11,106 - INFO - HTTP Request: POST https://api.telegram.org/bot8289614451:AAE7_c973KOKxgo1MB0l-CRlt06oSbz6wEk/getUpdates "HTTP/1.1 200 OK"
2026-03-21 14:08:21,434 - INFO - HTTP Request: POST https://api.telegram.org/bot8289614451:AAE7_c973KOKxgo1MB0l-CRlt06oSbz6wEk/getUpdates "HTTP/1.1 200 OK"
2026-03-21 14:08:31,752 - INFO - HTTP Request: POST https://api.telegram.org/bot8289614451:AAE7_c973KOKxgo1MB0l-CRlt06oSbz6wEk/getUpdates "HTTP/1.1 200 OK"
2026-03-21 14:08:42,067 - INFO - HTTP Request: POST https://api.telegram.org/bot8289614451:AAE7_c973KOKxgo1MB0l-CRlt06oSbz6wEk/getUpdates "HTTP/1.1 200 OK"
2026-03-21 14:08:52,456 - INFO - HTTP Request: POST https://api.telegram.org/bot8289614451:AAE7_c973KOKxgo1MB0l-CRlt06oSbz6wEk/getUpdates "HTTP/1.1 200 OK"
